<?xml version="1.0" encoding="UTF-8"?>
<!-- Generated by org.testng.reporters.JUnitReportReporter -->
<testsuite hostname="vaders-iMac-7.local" name="core.ParticleReaderTest" tests="1" failures="0" timestamp="25 Jun 2013 16:53:43 GMT" time="0.001" errors="0">
  <testcase name="aFastTest" time="0.001" classname="core.ParticleReaderTest"/>
</testsuite> <!-- core.ParticleReaderTest -->
